<?xml version="1.0" encoding="UTF-8"?>
<!-- Generated by org.testng.reporters.JUnitReportReporter -->
<testsuite name="testing.NewTest" tests="1" time="0.043" ignored="0" failures="0" timestamp="27 Feb 2020 07:32:36 GMT" skipped="0" hostname="Vaidehi-Computer" errors="0">
  <testcase name="f" time="0.043" classname="testing.NewTest"/>
</testsuite> <!-- testing.NewTest -->
