<?xml version="1.0" encoding="UTF-8"?>
<!-- Generated by org.testng.reporters.JUnitReportReporter -->
<testsuite hostname="Vaidehi-Computer" name="testing.NewTest" tests="1" failures="0" timestamp="27 Feb 2020 07:33:59 GMT" time="0.011" errors="0">
  <testcase name="f" time="0.011" classname="testing.NewTest"/>
</testsuite> <!-- testing.NewTest -->
